
> client@0.1.0 start /home/ubuntu/todo-app-qliqsoft/client
> react-scripts start

[34mℹ[39m [90m｢wds｣[39m: Project is running at http://172.31.24.59/
[34mℹ[39m [90m｢wds｣[39m: webpack output is served from 
[34mℹ[39m [90m｢wds｣[39m: Content not from webpack is served from /home/ubuntu/todo-app-qliqsoft/client/public
[34mℹ[39m [90m｢wds｣[39m: 404s will fallback to /
Starting the development server...

Compiled successfully!

You can now view client in the browser.

  Local:            http://localhost:3000
  On Your Network:  http://172.31.24.59:3000

Note that the development build is not optimized.
To create a production build, use npm run build.

Compiling...
Compiled successfully!
Compiling...
Compiled successfully!
Compiling...
Compiled successfully!
Compiling...
Compiled successfully!
Compiling...
Compiled successfully!
Compiling...
Compiled successfully!
Compiling...
Compiled successfully!
Compiling...
Compiled successfully!
Compiling...
Compiled successfully!
Proxy error: Could not proxy request /api/v1/todo_events from 3.16.206.41:3000 to http://3.16.206.41:4000.
See https://nodejs.org/api/errors.html#errors_common_system_errors for more information (ECONNREFUSED).

